c:\users\serus\documents\pk3 lab\projekt\projekcik\projekcik\debug\projekcik.pch
c:\users\serus\documents\pk3 lab\projekt\projekcik\projekcik\debug\vc141.pdb
c:\users\serus\documents\pk3 lab\projekt\projekcik\projekcik\debug\vc141.idb
c:\users\serus\documents\pk3 lab\projekt\projekcik\projekcik\debug\pch.obj
c:\users\serus\documents\pk3 lab\projekt\projekcik\projekcik\debug\verifiedperson.obj
c:\users\serus\documents\pk3 lab\projekt\projekcik\projekcik\debug\random.obj
c:\users\serus\documents\pk3 lab\projekt\projekcik\projekcik\debug\pesel.obj
c:\users\serus\documents\pk3 lab\projekt\projekcik\projekcik\debug\person.obj
c:\users\serus\documents\pk3 lab\projekt\projekcik\projekcik\debug\main.obj
c:\users\serus\documents\pk3 lab\projekt\projekcik\projekcik\debug\male.obj
c:\users\serus\documents\pk3 lab\projekt\projekcik\projekcik\debug\human.obj
c:\users\serus\documents\pk3 lab\projekt\projekcik\projekcik\debug\filehandler.obj
c:\users\serus\documents\pk3 lab\projekt\projekcik\projekcik\debug\female.obj
c:\users\serus\documents\pk3 lab\projekt\projekcik\projekcik\debug\algorithm.obj
c:\users\serus\documents\pk3 lab\projekt\projekcik\debug\projekcik.exe
c:\users\serus\documents\pk3 lab\projekt\projekcik\debug\projekcik.ilk
c:\users\serus\documents\pk3 lab\projekt\projekcik\debug\projekcik.pdb
c:\users\serus\documents\pk3 lab\projekt\projekcik\projekcik\debug\tinyxml2.obj
c:\users\serus\documents\pk3 lab\projekt\projekcik\projekcik\debug\projekcik.tlog\cl.command.1.tlog
c:\users\serus\documents\pk3 lab\projekt\projekcik\projekcik\debug\projekcik.tlog\cl.read.1.tlog
c:\users\serus\documents\pk3 lab\projekt\projekcik\projekcik\debug\projekcik.tlog\cl.write.1.tlog
c:\users\serus\documents\pk3 lab\projekt\projekcik\projekcik\debug\projekcik.tlog\link.command.1.tlog
c:\users\serus\documents\pk3 lab\projekt\projekcik\projekcik\debug\projekcik.tlog\link.read.1.tlog
c:\users\serus\documents\pk3 lab\projekt\projekcik\projekcik\debug\projekcik.tlog\link.write.1.tlog
